mode: set
github.com/hamdiBouhani/GopherNet-golang/storage/pg/burrow.go:9.61,11.2 1 0
github.com/hamdiBouhani/GopherNet-golang/storage/pg/burrow.go:13.71,19.2 3 0
github.com/hamdiBouhani/GopherNet-golang/storage/pg/burrow.go:21.59,24.16 3 0
github.com/hamdiBouhani/GopherNet-golang/storage/pg/burrow.go:24.16,26.3 1 0
github.com/hamdiBouhani/GopherNet-golang/storage/pg/burrow.go:27.2,27.21 1 0
github.com/hamdiBouhani/GopherNet-golang/storage/pg/burrow.go:30.59,32.2 1 0
github.com/hamdiBouhani/GopherNet-golang/storage/pg/burrow.go:34.64,37.16 3 0
github.com/hamdiBouhani/GopherNet-golang/storage/pg/burrow.go:37.16,39.3 1 0
github.com/hamdiBouhani/GopherNet-golang/storage/pg/burrow.go:40.2,40.21 1 0
github.com/hamdiBouhani/GopherNet-golang/storage/pg/burrow.go:43.94,45.2 1 0
github.com/hamdiBouhani/GopherNet-golang/storage/pg/db.go:18.26,20.2 1 1
github.com/hamdiBouhani/GopherNet-golang/storage/pg/db.go:22.45,25.16 3 1
github.com/hamdiBouhani/GopherNet-golang/storage/pg/db.go:25.16,27.3 1 0
github.com/hamdiBouhani/GopherNet-golang/storage/pg/db.go:29.2,30.15 2 1
github.com/hamdiBouhani/GopherNet-golang/storage/pg/db.go:30.15,32.3 1 1
github.com/hamdiBouhani/GopherNet-golang/storage/pg/db.go:33.2,35.16 3 1
github.com/hamdiBouhani/GopherNet-golang/storage/pg/db.go:35.16,37.3 1 0
github.com/hamdiBouhani/GopherNet-golang/storage/pg/db.go:38.2,49.12 6 1
github.com/hamdiBouhani/GopherNet-golang/storage/pg/db.go:52.34,54.16 2 1
github.com/hamdiBouhani/GopherNet-golang/storage/pg/db.go:54.16,56.3 1 0
github.com/hamdiBouhani/GopherNet-golang/storage/pg/db.go:57.2,57.19 1 1
github.com/hamdiBouhani/GopherNet-golang/storage/pg/db.go:60.36,64.2 1 0
github.com/hamdiBouhani/GopherNet-golang/storage/pg/db.go:66.33,70.2 1 0
github.com/hamdiBouhani/GopherNet-golang/services/burrow_svc.go:24.63,26.2 1 0
github.com/hamdiBouhani/GopherNet-golang/services/burrow_svc.go:28.47,32.16 2 1
github.com/hamdiBouhani/GopherNet-golang/services/burrow_svc.go:32.16,35.3 2 0
github.com/hamdiBouhani/GopherNet-golang/services/burrow_svc.go:37.2,44.16 4 1
github.com/hamdiBouhani/GopherNet-golang/services/burrow_svc.go:44.16,47.3 2 0
github.com/hamdiBouhani/GopherNet-golang/services/burrow_svc.go:48.2,57.60 5 1
github.com/hamdiBouhani/GopherNet-golang/services/burrow_svc.go:57.60,61.3 1 0
github.com/hamdiBouhani/GopherNet-golang/services/burrow_svc.go:64.2,65.33 2 1
github.com/hamdiBouhani/GopherNet-golang/services/burrow_svc.go:65.33,68.3 2 1
github.com/hamdiBouhani/GopherNet-golang/services/burrow_svc.go:70.2,70.17 1 1
github.com/hamdiBouhani/GopherNet-golang/services/burrow_svc.go:73.55,76.16 2 1
github.com/hamdiBouhani/GopherNet-golang/services/burrow_svc.go:76.16,78.3 1 0
github.com/hamdiBouhani/GopherNet-golang/services/burrow_svc.go:80.2,81.16 2 1
github.com/hamdiBouhani/GopherNet-golang/services/burrow_svc.go:81.16,83.3 1 0
github.com/hamdiBouhani/GopherNet-golang/services/burrow_svc.go:84.2,84.12 1 1
github.com/hamdiBouhani/GopherNet-golang/services/burrow_svc.go:87.56,90.16 2 0
github.com/hamdiBouhani/GopherNet-golang/services/burrow_svc.go:90.16,92.3 1 0
github.com/hamdiBouhani/GopherNet-golang/services/burrow_svc.go:94.2,94.55 1 0
github.com/hamdiBouhani/GopherNet-golang/services/burrow_svc.go:94.55,96.3 1 0
github.com/hamdiBouhani/GopherNet-golang/services/burrow_svc.go:97.2,97.12 1 0
github.com/hamdiBouhani/GopherNet-golang/services/burrow_svc.go:104.54,107.16 2 1
github.com/hamdiBouhani/GopherNet-golang/services/burrow_svc.go:107.16,109.3 1 0
github.com/hamdiBouhani/GopherNet-golang/services/burrow_svc.go:111.2,111.52 1 1
github.com/hamdiBouhani/GopherNet-golang/services/burrow_svc.go:111.52,113.3 1 0
github.com/hamdiBouhani/GopherNet-golang/services/burrow_svc.go:115.2,117.55 2 1
github.com/hamdiBouhani/GopherNet-golang/services/burrow_svc.go:117.55,119.3 1 0
github.com/hamdiBouhani/GopherNet-golang/services/burrow_svc.go:120.2,120.12 1 1
github.com/hamdiBouhani/GopherNet-golang/services/burrow_svc.go:125.67,127.16 2 0
github.com/hamdiBouhani/GopherNet-golang/services/burrow_svc.go:127.16,129.3 1 0
github.com/hamdiBouhani/GopherNet-golang/services/burrow_svc.go:130.2,130.17 1 0
github.com/hamdiBouhani/GopherNet-golang/services/burrow_svc.go:133.77,135.16 2 1
github.com/hamdiBouhani/GopherNet-golang/services/burrow_svc.go:135.16,137.3 1 0
github.com/hamdiBouhani/GopherNet-golang/services/burrow_svc.go:139.2,139.23 1 1
github.com/hamdiBouhani/GopherNet-golang/services/burrow_svc.go:139.23,141.3 1 0
github.com/hamdiBouhani/GopherNet-golang/services/burrow_svc.go:143.2,143.33 1 1
github.com/hamdiBouhani/GopherNet-golang/services/burrow_svc.go:143.33,145.13 2 1
github.com/hamdiBouhani/GopherNet-golang/services/burrow_svc.go:145.13,146.18 1 1
github.com/hamdiBouhani/GopherNet-golang/services/burrow_svc.go:146.18,152.19 5 1
github.com/hamdiBouhani/GopherNet-golang/services/burrow_svc.go:152.19,154.6 1 1
github.com/hamdiBouhani/GopherNet-golang/services/burrow_svc.go:156.5,156.45 1 1
github.com/hamdiBouhani/GopherNet-golang/services/burrow_svc.go:156.45,159.6 2 0
github.com/hamdiBouhani/GopherNet-golang/services/burrow_svc.go:159.11,161.6 1 1
github.com/hamdiBouhani/GopherNet-golang/services/burrow_svc.go:162.5,162.41 1 0
github.com/hamdiBouhani/GopherNet-golang/services/burrow_svc.go:166.4,169.23 2 1
github.com/hamdiBouhani/GopherNet-golang/services/burrow_svc.go:169.23,171.5 1 1
github.com/hamdiBouhani/GopherNet-golang/services/burrow_svc.go:175.2,175.12 1 1
github.com/hamdiBouhani/GopherNet-golang/services/burrow_svc.go:182.64,186.16 2 0
github.com/hamdiBouhani/GopherNet-golang/services/burrow_svc.go:186.16,189.3 2 0
github.com/hamdiBouhani/GopherNet-golang/services/burrow_svc.go:191.2,198.21 4 0
github.com/hamdiBouhani/GopherNet-golang/services/burrow_svc.go:198.21,201.17 2 0
github.com/hamdiBouhani/GopherNet-golang/services/burrow_svc.go:201.17,203.4 1 0
github.com/hamdiBouhani/GopherNet-golang/services/burrow_svc.go:205.3,205.24 1 0
github.com/hamdiBouhani/GopherNet-golang/services/burrow_svc.go:205.24,207.4 1 0
github.com/hamdiBouhani/GopherNet-golang/services/burrow_svc.go:210.3,216.34 6 0
github.com/hamdiBouhani/GopherNet-golang/services/burrow_svc.go:216.34,221.31 4 0
github.com/hamdiBouhani/GopherNet-golang/services/burrow_svc.go:221.31,224.5 2 0
github.com/hamdiBouhani/GopherNet-golang/services/burrow_svc.go:225.4,225.31 1 0
github.com/hamdiBouhani/GopherNet-golang/services/burrow_svc.go:225.31,228.5 2 0
github.com/hamdiBouhani/GopherNet-golang/services/burrow_svc.go:232.3,240.17 7 0
github.com/hamdiBouhani/GopherNet-golang/services/burrow_svc.go:240.17,243.4 2 0
github.com/hamdiBouhani/GopherNet-golang/services/burrow_svc.go:246.3,246.53 1 0
github.com/hamdiBouhani/GopherNet-golang/services/burrow_svc.go:246.53,248.4 1 0
github.com/hamdiBouhani/GopherNet-golang/services/burrow_svc.go:251.3,251.83 1 0
github.com/hamdiBouhani/GopherNet-golang/services/burrow_svc.go:251.83,253.4 1 0
github.com/hamdiBouhani/GopherNet-golang/services/burrow_svc.go:256.3,256.38 1 0
github.com/hamdiBouhani/GopherNet-golang/services/burrow_svc.go:256.38,258.4 1 0
github.com/hamdiBouhani/GopherNet-golang/services/burrow_svc.go:260.3,260.57 1 0
github.com/hamdiBouhani/GopherNet-golang/services/burrow_svc.go:262.2,262.12 1 0
